<?xml version="1.0" encoding="UTF-8" standalone="no"?>
<testsuite failures="1" name="cucumber.runtime.formatter.JUnitFormatter" skipped="0" tests="1" time="23.165009">
<testcase classname="Validate the login functionality of facebook" name="Validate the login functionality with Invaild username and Invalid password" time="23.165009">
<failure message="java.lang.AssertionError: Verify the incoorect cred page&#13;&#10;&#9;at org.junit.Assert.fail(Assert.java:88)&#13;&#10;&#9;at org.junit.Assert.assertTrue(Assert.java:41)&#13;&#10;&#9;at org.stepdefinition.StepDefinition.user_should_navigate_to_invaild_credential_page(StepDefinition.java:42)&#13;&#10;&#9;at ✽.User should navigate to invaild credential page(file:src/test/resources/FeatureFiles/login.feature:15)&#13;&#10;"><![CDATA[Given User should launch the chrome and load url............................passed
When User should input the inavild uername and password in textbox..........passed
And User should check the login button......................................passed
And To print the title......................................................passed
Then User should navigate to invaild credential page........................failed

StackTrace:
java.lang.AssertionError: Verify the incoorect cred page
	at org.junit.Assert.fail(Assert.java:88)
	at org.junit.Assert.assertTrue(Assert.java:41)
	at org.stepdefinition.StepDefinition.user_should_navigate_to_invaild_credential_page(StepDefinition.java:42)
	at ✽.User should navigate to invaild credential page(file:src/test/resources/FeatureFiles/login.feature:15)
]]></failure>
</testcase>
</testsuite>
